[0.011s] Invoking command in '/home/angel/test_ws/src/code/code/build/frcobot_description': /usr/bin/cmake /home/angel/test_ws/src/code/code/frcobot_description -DCATKIN_INSTALL_INTO_PREFIX_ROOT=0 -DCMAKE_INSTALL_PREFIX=/home/angel/test_ws/src/code/code/install/frcobot_description
[0.031s] [31mCMake Error at CMakeLists.txt:4 (find_package):
[0.031s]   By not providing "Findcatkin.cmake" in CMAKE_MODULE_PATH this project has
[0.031s]   asked CMake to find a package configuration file provided by "catkin", but
[0.031s]   CMake did not find one.
[0.031s] 
[0.031s]   Could not find a package configuration file provided by "catkin" with any
[0.031s]   of the following names:
[0.031s] 
[0.031s]     catkinConfig.cmake
[0.031s]     catkin-config.cmake
[0.031s] 
[0.031s]   Add the installation prefix of "catkin" to CMAKE_PREFIX_PATH or set
[0.031s]   "catkin_DIR" to a directory containing one of the above files.  If "catkin"
[0.031s]   provides a separate development package or SDK, be sure it has been
[0.031s]   installed.
[0.032s] 
[0.032s] [0m
[0.032s] -- Configuring incomplete, errors occurred!
[0.032s] See also "/home/angel/test_ws/src/code/code/build/frcobot_description/CMakeFiles/CMakeOutput.log".
[0.034s] Invoked command in '/home/angel/test_ws/src/code/code/build/frcobot_description' returned '1': /usr/bin/cmake /home/angel/test_ws/src/code/code/frcobot_description -DCATKIN_INSTALL_INTO_PREFIX_ROOT=0 -DCMAKE_INSTALL_PREFIX=/home/angel/test_ws/src/code/code/install/frcobot_description
